Build started 02/12/2016 02:27:12 p. m..
     1>Project "C:\Users\helpdesk\documents\visual studio 2013\Projects\ConvolucionCUDA\ConvolucionCUDA\ConvolucionCUDA.vcxproj" on node 2 (Build target(s)).
     1>AddCudaCompileDeps:
         C:\Program Files (x86)\Microsoft Visual Studio 12.0\VC\bin\cl.exe /E /nologo /showIncludes /TP /D__CUDACC__ /DWIN32 /D_DEBUG /D_CONSOLE /D_MBCS /I"C:\Program Files\NVIDIA GPU Computing Toolkit\CUDA\v8.0\include" /I"C:\Program Files\NVIDIA GPU Computing Toolkit\CUDA\v8.0\bin" /I"C:\Program Files\NVIDIA GPU Computing Toolkit\CUDA\v8.0\include" /I. /FIcuda_runtime.h /c "C:\Users\helpdesk\documents\visual studio 2013\Projects\ConvolucionCUDA\ConvolucionCUDA\kernel.cu" 
     1>Project "C:\Users\helpdesk\documents\visual studio 2013\Projects\ConvolucionCUDA\ConvolucionCUDA\ConvolucionCUDA.vcxproj" (1) is building "C:\Users\helpdesk\documents\visual studio 2013\Projects\ConvolucionCUDA\ConvolucionCUDA\ConvolucionCUDA.vcxproj" (1:2) on node 2 (CudaBuildCore target(s)).
     1>CudaBuildCore:
         Compiling CUDA source file kernel.cu...
         cmd.exe /C "C:\Users\helpdesk\AppData\Local\Temp\tmpf6001eeb5dbb42119e78ed3cf0ecbf44.cmd"
         "C:\Program Files\NVIDIA GPU Computing Toolkit\CUDA\v8.0\bin\nvcc.exe" -gencode=arch=compute_20,code=\"sm_20,compute_20\" --use-local-env --cl-version 2013 -ccbin "C:\Program Files (x86)\Microsoft Visual Studio 12.0\VC\bin"  -I"C:\Program Files\NVIDIA GPU Computing Toolkit\CUDA\v8.0\include" -I"C:\Program Files\NVIDIA GPU Computing Toolkit\CUDA\v8.0\include"  -G   --keep-dir Debug -maxrregcount=0  --machine 32 --compile -cudart static  -g   -DWIN32 -D_DEBUG -D_CONSOLE -D_MBCS -Xcompiler "/EHsc /W3 /nologo /Od /FS /Zi /RTC1 /MDd " -o Debug\kernel.cu.obj "C:\Users\helpdesk\documents\visual studio 2013\Projects\ConvolucionCUDA\ConvolucionCUDA\kernel.cu"
         
         C:\Users\helpdesk\documents\visual studio 2013\Projects\ConvolucionCUDA\ConvolucionCUDA>"C:\Program Files\NVIDIA GPU Computing Toolkit\CUDA\v8.0\bin\nvcc.exe" -gencode=arch=compute_20,code=\"sm_20,compute_20\" --use-local-env --cl-version 2013 -ccbin "C:\Program Files (x86)\Microsoft Visual Studio 12.0\VC\bin"  -I"C:\Program Files\NVIDIA GPU Computing Toolkit\CUDA\v8.0\include" -I"C:\Program Files\NVIDIA GPU Computing Toolkit\CUDA\v8.0\include"  -G   --keep-dir Debug -maxrregcount=0  --machine 32 --compile -cudart static  -g   -DWIN32 -D_DEBUG -D_CONSOLE -D_MBCS -Xcompiler "/EHsc /W3 /nologo /Od /FS /Zi /RTC1 /MDd " -o Debug\kernel.cu.obj "C:\Users\helpdesk\documents\visual studio 2013\Projects\ConvolucionCUDA\ConvolucionCUDA\kernel.cu" 
     1>c:\users\helpdesk\documents\visual studio 2013\projects\convolucioncuda\convolucioncuda\mypgm.h(28): warning : variable "file_name" was declared but never referenced
     1>c:\users\helpdesk\documents\visual studio 2013\projects\convolucioncuda\convolucioncuda\mypgm.h(97): warning : variable "file_name" was declared but never referenced
     1>C:/Users/helpdesk/documents/visual studio 2013/Projects/ConvolucionCUDA/ConvolucionCUDA/kernel.cu(31): warning : variable "cont" was declared but never referenced
     1>c:\users\helpdesk\documents\visual studio 2013\projects\convolucioncuda\convolucioncuda\mypgm.h(28): warning : variable "file_name" was declared but never referenced
     1>c:\users\helpdesk\documents\visual studio 2013\projects\convolucioncuda\convolucioncuda\mypgm.h(97): warning : variable "file_name" was declared but never referenced
     1>C:/Users/helpdesk/documents/visual studio 2013/Projects/ConvolucionCUDA/ConvolucionCUDA/kernel.cu(31): warning : variable "cont" was declared but never referenced
     1>CUDACOMPILE : nvcc warning : The 'compute_20', 'sm_20', and 'sm_21' architectures are deprecated, and may be removed in a future release (Use -Wno-deprecated-gpu-targets to suppress warning).
         kernel.cu
     1>c:\users\helpdesk\documents\visual studio 2013\projects\convolucioncuda\convolucioncuda\mypgm.h(28): warning C4101: 'file_name' : unreferenced local variable
     1>c:\users\helpdesk\documents\visual studio 2013\projects\convolucioncuda\convolucioncuda\mypgm.h(97): warning C4101: 'file_name' : unreferenced local variable
     1>C:/Users/helpdesk/documents/visual studio 2013/Projects/ConvolucionCUDA/ConvolucionCUDA/kernel.cu(63): warning C4018: '<' : signed/unsigned mismatch
     1>C:/Users/helpdesk/documents/visual studio 2013/Projects/ConvolucionCUDA/ConvolucionCUDA/kernel.cu(64): warning C4018: '<' : signed/unsigned mismatch
     1>C:/Users/helpdesk/documents/visual studio 2013/Projects/ConvolucionCUDA/ConvolucionCUDA/kernel.cu(75): warning C4244: '=' : conversion from 'uc' to 'unsigned char', possible loss of data
     1>Done Building Project "C:\Users\helpdesk\documents\visual studio 2013\Projects\ConvolucionCUDA\ConvolucionCUDA\ConvolucionCUDA.vcxproj" (CudaBuildCore target(s)).
     1>Link:
         C:\Program Files (x86)\Microsoft Visual Studio 12.0\VC\bin\link.exe /ERRORREPORT:PROMPT /OUT:"C:\Users\helpdesk\documents\visual studio 2013\Projects\ConvolucionCUDA\Debug\ConvolucionCUDA.exe" /INCREMENTAL /NOLOGO /LIBPATH:"C:\Program Files\NVIDIA GPU Computing Toolkit\CUDA\v8.0\lib\Win32" cudart.lib kernel32.lib user32.lib gdi32.lib winspool.lib comdlg32.lib advapi32.lib shell32.lib ole32.lib oleaut32.lib uuid.lib odbc32.lib odbccp32.lib kernel32.lib user32.lib gdi32.lib winspool.lib comdlg32.lib advapi32.lib shell32.lib ole32.lib oleaut32.lib uuid.lib odbc32.lib odbccp32.lib /MANIFEST /MANIFESTUAC:"level='asInvoker' uiAccess='false'" /manifest:embed /DEBUG /PDB:"C:\Users\helpdesk\documents\visual studio 2013\Projects\ConvolucionCUDA\Debug\ConvolucionCUDA.pdb" /SUBSYSTEM:CONSOLE /TLBID:1 /DYNAMICBASE /NXCOMPAT /IMPLIB:"C:\Users\helpdesk\documents\visual studio 2013\Projects\ConvolucionCUDA\Debug\ConvolucionCUDA.lib" /MACHINE:X86 Debug\kernel.cu.obj
         ConvolucionCUDA.vcxproj -> C:\Users\helpdesk\documents\visual studio 2013\Projects\ConvolucionCUDA\Debug\ConvolucionCUDA.exe
       PostBuildEvent:
         echo copy "C:\Program Files\NVIDIA GPU Computing Toolkit\CUDA\v8.0\bin\cudart*.dll" "C:\Users\helpdesk\documents\visual studio 2013\Projects\ConvolucionCUDA\Debug\"
         copy "C:\Program Files\NVIDIA GPU Computing Toolkit\CUDA\v8.0\bin\cudart*.dll" "C:\Users\helpdesk\documents\visual studio 2013\Projects\ConvolucionCUDA\Debug\"
         :VCEnd
         copy "C:\Program Files\NVIDIA GPU Computing Toolkit\CUDA\v8.0\bin\cudart*.dll" "C:\Users\helpdesk\documents\visual studio 2013\Projects\ConvolucionCUDA\Debug\"
         C:\Program Files\NVIDIA GPU Computing Toolkit\CUDA\v8.0\bin\cudart32_80.dll
         C:\Program Files\NVIDIA GPU Computing Toolkit\CUDA\v8.0\bin\cudart64_80.dll
                 2 archivo(s) copiado(s).
     1>Done Building Project "C:\Users\helpdesk\documents\visual studio 2013\Projects\ConvolucionCUDA\ConvolucionCUDA\ConvolucionCUDA.vcxproj" (Build target(s)).

Build succeeded.

Time Elapsed 00:00:02.31
